<?xml version="1.0" encoding="UTF-8"?>
<!-- Generated by org.testng.reporters.JUnitXMLReporter -->
<testsuite hostname="PDF316-440G4" ignored="0" name="Login" tests="7" failures="1" timestamp="08 Jul 2019 18:34:07 GMT" time="20.788" errors="0">
  <testcase name="login" time="2.224" classname="regression.CardsAction"/>
  <testcase name="openCard" time="4.857" classname="regression.CardsAction"/>
  <testcase name="addMembers" time="1.34" classname="regression.CardsAction"/>
  <testcase name="addLabels" time="1.062" classname="regression.CardsAction">
    <failure type="java.lang.ArrayIndexOutOfBoundsException" message="0">
      <![CDATA[java.lang.ArrayIndexOutOfBoundsException: 0
at regression.CardsAction.addLabels(CardsAction.java:103)
... Removed 28 stack frames]]>
    </failure>
  </testcase> <!-- addLabels -->
  <testcase name="addDescription" time="5.193" classname="regression.CardsAction"/>
  <testcase name="addChecklist" time="1.02" classname="regression.CardsAction"/>
  <testcase name="addDueDate" time="1.627" classname="regression.CardsAction"/>
</testsuite> <!-- Login -->
