<?xml version="1.0" encoding="UTF-8"?>
<testng-results skipped="0" failed="1" ignored="0" total="7" passed="6">
  <reporter-output>
  </reporter-output>
  <suite name="Trello" duration-ms="20788" started-at="2019-07-08T18:33:46Z" finished-at="2019-07-08T18:34:07Z">
    <groups>
    </groups>
    <test name="Login" duration-ms="20788" started-at="2019-07-08T18:33:46Z" finished-at="2019-07-08T18:34:07Z">
      <class name="regression.CardsAction">
        <test-method status="PASS" signature="setUpSuite()[pri:0, instance:regression.CardsAction@108531c2]" name="setUpSuite" is-config="true" duration-ms="4112" started-at="2019-07-08T18:33:41Z" finished-at="2019-07-08T18:33:45Z">
          <reporter-output>
          </reporter-output>
        </test-method> <!-- setUpSuite -->
        <test-method status="PASS" signature="prepareData()[pri:0, instance:regression.CardsAction@108531c2]" name="prepareData" is-config="true" duration-ms="1105" started-at="2019-07-08T18:33:45Z" depends-on-methods="ui.core.BrowserFactory.setUpSuite" finished-at="2019-07-08T18:33:46Z">
          <reporter-output>
          </reporter-output>
        </test-method> <!-- prepareData -->
        <test-method status="PASS" signature="setUp()[pri:0, instance:regression.CardsAction@108531c2]" name="setUp" is-config="true" duration-ms="3109" started-at="2019-07-08T18:33:46Z" finished-at="2019-07-08T18:33:49Z">
          <reporter-output>
          </reporter-output>
        </test-method> <!-- setUp -->
        <test-method status="PASS" signature="login()[pri:1, instance:regression.CardsAction@108531c2]" name="login" duration-ms="2224" started-at="2019-07-08T18:33:50Z" finished-at="2019-07-08T18:33:52Z">
          <reporter-output>
          </reporter-output>
        </test-method> <!-- login -->
        <test-method status="PASS" signature="openCard()[pri:0, instance:regression.CardsAction@108531c2]" name="openCard" duration-ms="4857" started-at="2019-07-08T18:33:52Z" depends-on-methods="regression.CardsAction.login" finished-at="2019-07-08T18:33:57Z">
          <reporter-output>
          </reporter-output>
        </test-method> <!-- openCard -->
        <test-method status="PASS" signature="addMembers()[pri:0, instance:regression.CardsAction@108531c2]" name="addMembers" duration-ms="1340" started-at="2019-07-08T18:33:57Z" depends-on-methods="regression.CardsAction.openCard" finished-at="2019-07-08T18:33:58Z">
          <reporter-output>
          </reporter-output>
        </test-method> <!-- addMembers -->
        <test-method status="FAIL" signature="addLabels()[pri:3, instance:regression.CardsAction@108531c2]" name="addLabels" duration-ms="1062" started-at="2019-07-08T18:33:58Z" finished-at="2019-07-08T18:33:59Z">
          <exception class="java.lang.ArrayIndexOutOfBoundsException">
            <message>
              <![CDATA[0]]>
            </message>
            <full-stacktrace>
              <![CDATA[java.lang.ArrayIndexOutOfBoundsException: 0
at regression.CardsAction.addLabels(CardsAction.java:103)
at sun.reflect.NativeMethodAccessorImpl.invoke0(Native Method)
at sun.reflect.NativeMethodAccessorImpl.invoke(NativeMethodAccessorImpl.java:62)
at sun.reflect.DelegatingMethodAccessorImpl.invoke(DelegatingMethodAccessorImpl.java:43)
at java.lang.reflect.Method.invoke(Method.java:498)
at org.testng.internal.MethodInvocationHelper.invokeMethod(MethodInvocationHelper.java:124)
at org.testng.internal.Invoker.invokeMethod(Invoker.java:583)
at org.testng.internal.Invoker.invokeTestMethod(Invoker.java:719)
at org.testng.internal.Invoker.invokeTestMethods(Invoker.java:989)
at org.testng.internal.TestMethodWorker.invokeTestMethods(TestMethodWorker.java:125)
at org.testng.internal.TestMethodWorker.run(TestMethodWorker.java:109)
at org.testng.TestRunner.privateRun(TestRunner.java:648)
at org.testng.TestRunner.run(TestRunner.java:505)
at org.testng.SuiteRunner.runTest(SuiteRunner.java:455)
at org.testng.SuiteRunner.runSequentially(SuiteRunner.java:450)
at org.testng.SuiteRunner.privateRun(SuiteRunner.java:415)
at org.testng.SuiteRunner.run(SuiteRunner.java:364)
at org.testng.SuiteRunnerWorker.runSuite(SuiteRunnerWorker.java:52)
at org.testng.SuiteRunnerWorker.run(SuiteRunnerWorker.java:84)
at org.testng.TestNG.runSuitesSequentially(TestNG.java:1208)
at org.testng.TestNG.runSuitesLocally(TestNG.java:1137)
at org.testng.TestNG.runSuites(TestNG.java:1049)
at org.testng.TestNG.run(TestNG.java:1017)
at org.apache.maven.surefire.testng.TestNGExecutor.run(TestNGExecutor.java:283)
at org.apache.maven.surefire.testng.TestNGXmlTestSuite.execute(TestNGXmlTestSuite.java:75)
at org.apache.maven.surefire.testng.TestNGProvider.invoke(TestNGProvider.java:120)
at org.apache.maven.surefire.booter.ForkedBooter.invokeProviderInSameClassLoader(ForkedBooter.java:386)
at org.apache.maven.surefire.booter.ForkedBooter.runSuitesInProcess(ForkedBooter.java:323)
at org.apache.maven.surefire.booter.ForkedBooter.main(ForkedBooter.java:143)
]]>
            </full-stacktrace>
          </exception> <!-- java.lang.ArrayIndexOutOfBoundsException -->
          <reporter-output>
          </reporter-output>
        </test-method> <!-- addLabels -->
        <test-method status="PASS" signature="addDescription()[pri:4, instance:regression.CardsAction@108531c2]" name="addDescription" duration-ms="5193" started-at="2019-07-08T18:33:59Z" finished-at="2019-07-08T18:34:04Z">
          <reporter-output>
          </reporter-output>
        </test-method> <!-- addDescription -->
        <test-method status="PASS" signature="addChecklist()[pri:5, instance:regression.CardsAction@108531c2]" name="addChecklist" duration-ms="1020" started-at="2019-07-08T18:34:04Z" finished-at="2019-07-08T18:34:06Z">
          <reporter-output>
          </reporter-output>
        </test-method> <!-- addChecklist -->
        <test-method status="PASS" signature="addDueDate()[pri:6, instance:regression.CardsAction@108531c2]" name="addDueDate" duration-ms="1627" started-at="2019-07-08T18:34:06Z" finished-at="2019-07-08T18:34:07Z">
          <reporter-output>
          </reporter-output>
        </test-method> <!-- addDueDate -->
        <test-method status="PASS" signature="clearData()[pri:0, instance:regression.CardsAction@108531c2]" name="clearData" is-config="true" duration-ms="299" started-at="2019-07-08T18:34:07Z" finished-at="2019-07-08T18:34:08Z">
          <reporter-output>
          </reporter-output>
        </test-method> <!-- clearData -->
      </class> <!-- regression.CardsAction -->
    </test> <!-- Login -->
  </suite> <!-- Trello -->
</testng-results>
